[debug] [2021-01-11T18:39:09.691Z] ----------------------------------------------------------------------
[debug] [2021-01-11T18:39:09.704Z] Command:       C:\Program Files\nodejs\node.exe C:\Users\SPARROW\AppData\Roaming\npm\node_modules\firebase-tools\lib\bin\firebase.js init
[debug] [2021-01-11T18:39:09.707Z] CLI Version:   9.1.2
[debug] [2021-01-11T18:39:09.708Z] Platform:      win32
[debug] [2021-01-11T18:39:09.709Z] Node Version:  v12.19.0
[debug] [2021-01-11T18:39:09.830Z] Time:          Tue Jan 12 2021 00:09:09 GMT+0530 (India Standard Time)
[debug] [2021-01-11T18:39:09.832Z] ----------------------------------------------------------------------
[debug] [2021-01-11T18:39:09.833Z] 
[debug] [2021-01-11T18:39:09.985Z] > command requires scopes: ["email","openid","https://www.googleapis.com/auth/cloudplatformprojects.readonly","https://www.googleapis.com/auth/firebase","https://www.googleapis.com/auth/cloud-platform"]
[debug] [2021-01-11T18:39:09.988Z] > authorizing via signed-in user
[info] 
     ######## #### ########  ######## ########     ###     ######  ########
     ##        ##  ##     ## ##       ##     ##  ##   ##  ##       ##
     ######    ##  ########  ######   ########  #########  ######  ######
     ##        ##  ##    ##  ##       ##     ## ##     ##       ## ##
     ##       #### ##     ## ######## ########  ##     ##  ######  ########

You're about to initialize a Firebase project in this directory:

  c:\ngShoppingcart_6\ngExcerise6

Before we get started, keep in mind:

  * You are currently outside your home directory
  * You are initializing in an existing Firebase project directory

